<?xml version="1.0" encoding="UTF-8"?>
<!-- Generated by org.testng.reporters.JUnitReportReporter -->
<testsuite hostname="DESKTOP-8D3JJ59" failures="0" tests="1" name="runner.TestNgRunner" time="13.391" errors="0" timestamp="21 Jul 2019 20:39:02 GMT" skipped="0">
  <testcase classname="runner.TestNgRunner" name="feature" time="13.391"/>
</testsuite> <!-- runner.TestNgRunner -->
