<?xml version="1.0" encoding="UTF-8"?>
<!-- Generated by org.testng.reporters.JUnitReportReporter -->
<testsuite hostname="DESKTOP-IPLNS22" name="runner.TestNgRunner" tests="1" failures="0" timestamp="11 Feb 2018 19:55:02 GMT" time="15.592" errors="0">
  <testcase name="feature" time="15.592" classname="runner.TestNgRunner"/>
</testsuite> <!-- runner.TestNgRunner -->
